info: ::1 - - [24/Apr/2023:07:31:09 +0000] "POST /api/v1/users/ HTTP/1.1" 500 200 "-" "PostmanRuntime/7.32.2"

info: ::1 - - [24/Apr/2023:07:33:25 +0000] "POST /api/v1/users/ HTTP/1.1" 201 63 "-" "PostmanRuntime/7.32.2"

info: ::1 - - [24/Apr/2023:07:35:39 +0000] "POST /api/v1/users/ HTTP/1.1" 201 63 "-" "PostmanRuntime/7.32.2"

info: ::1 - - [24/Apr/2023:07:43:59 +0000] "POST /api/v1/users/login HTTP/1.1" 200 193 "-" "PostmanRuntime/7.32.2"

info: ::1 - - [24/Apr/2023:07:44:36 +0000] "POST /api/v1/users/login HTTP/1.1" 200 193 "-" "PostmanRuntime/7.32.2"

info: ::1 - - [24/Apr/2023:08:41:18 +0000] "POST /api/v1/users/ HTTP/1.1" 500 79 "-" "PostmanRuntime/7.32.2"

info: ::1 - - [24/Apr/2023:08:43:12 +0000] "POST /api/v1/users/ HTTP/1.1" 500 51 "-" "PostmanRuntime/7.32.2"

info: ::1 - - [24/Apr/2023:08:44:24 +0000] "POST /api/v1/users/ HTTP/1.1" 201 63 "-" "PostmanRuntime/7.32.2"

info: ::1 - - [24/Apr/2023:08:48:51 +0000] "POST /api/v1/users/ HTTP/1.1" 201 63 "-" "PostmanRuntime/7.32.2"

info: ::1 - - [24/Apr/2023:08:55:26 +0000] "POST /api/v1/users/ HTTP/1.1" 201 63 "-" "PostmanRuntime/7.32.2"

info: ::1 - - [24/Apr/2023:08:56:25 +0000] "POST /api/v1/users/login HTTP/1.1" 200 60 "-" "PostmanRuntime/7.32.2"

info: ::1 - - [24/Apr/2023:10:33:26 +0000] "POST /api/v1/users/login HTTP/1.1" 200 60 "-" "PostmanRuntime/7.32.2"

info: ::1 - - [24/Apr/2023:10:34:05 +0000] "POST /api/v1/users/login HTTP/1.1" 200 60 "-" "PostmanRuntime/7.32.2"

info: ::1 - - [24/Apr/2023:10:34:44 +0000] "POST /api/v1/users/login HTTP/1.1" 500 58 "-" "PostmanRuntime/7.32.2"

info: ::1 - - [24/Apr/2023:10:35:18 +0000] "POST /api/v1/users/login HTTP/1.1" 500 58 "-" "PostmanRuntime/7.32.2"

info: ::1 - - [24/Apr/2023:10:35:48 +0000] "POST /api/v1/users/login HTTP/1.1" 200 225 "-" "PostmanRuntime/7.32.2"

info: ::1 - - [24/Apr/2023:10:39:47 +0000] "POST /api/v1/users/login HTTP/1.1" 200 223 "-" "PostmanRuntime/7.32.2"

info: ::1 - - [24/Apr/2023:10:58:23 +0000] "POST /api/v1/users/validateEmail HTTP/1.1" 201 61 "-" "PostmanRuntime/7.32.2"

info: ::1 - - [24/Apr/2023:11:35:12 +0000] "POST /api/v1/users/validateEmail HTTP/1.1" 500 82 "-" "PostmanRuntime/7.32.2"

info: ::1 - - [24/Apr/2023:11:37:01 +0000] "POST /api/v1/users/validateEmail HTTP/1.1" 500 82 "-" "PostmanRuntime/7.32.2"

info: ::1 - - [24/Apr/2023:11:38:50 +0000] "POST /api/v1/users/validateEmail HTTP/1.1" 201 61 "-" "PostmanRuntime/7.32.2"

info: ::1 - - [24/Apr/2023:11:40:01 +0000] "POST /api/v1/users/ HTTP/1.1" 500 55 "-" "PostmanRuntime/7.32.2"

info: ::1 - - [24/Apr/2023:11:40:13 +0000] "POST /api/v1/users/ HTTP/1.1" 500 46 "-" "PostmanRuntime/7.32.2"

info: ::1 - - [24/Apr/2023:11:41:22 +0000] "POST /api/v1/users/ HTTP/1.1" 500 46 "-" "PostmanRuntime/7.32.2"

info: ::1 - - [24/Apr/2023:11:43:41 +0000] "POST /api/v1/users/ HTTP/1.1" 500 46 "-" "PostmanRuntime/7.32.2"

info: ::1 - - [24/Apr/2023:11:46:17 +0000] "POST /api/v1/users/ HTTP/1.1" 201 63 "-" "PostmanRuntime/7.32.2"

info: ::1 - - [24/Apr/2023:11:46:25 +0000] "POST /api/v1/users/ HTTP/1.1" 500 51 "-" "PostmanRuntime/7.32.2"

info: ::1 - - [24/Apr/2023:12:01:07 +0000] "POST /api/v1/users/forgetPassword HTTP/1.1" 201 48 "-" "PostmanRuntime/7.32.2"

info: ::1 - - [24/Apr/2023:12:02:24 +0000] "POST /api/v1/users/forgetPassword HTTP/1.1" 500 51 "-" "PostmanRuntime/7.32.2"

info: ::1 - - [24/Apr/2023:12:03:30 +0000] "POST /api/v1/users/forgetPassword HTTP/1.1" 500 51 "-" "PostmanRuntime/7.32.2"

info: ::1 - - [24/Apr/2023:12:04:17 +0000] "POST /api/v1/users/forgetPassword HTTP/1.1" 500 51 "-" "PostmanRuntime/7.32.2"

info: ::1 - - [24/Apr/2023:12:05:33 +0000] "POST /api/v1/users/forgetPassword HTTP/1.1" 500 51 "-" "PostmanRuntime/7.32.2"

info: ::1 - - [24/Apr/2023:12:06:23 +0000] "POST /api/v1/users/forgetPassword HTTP/1.1" 500 51 "-" "PostmanRuntime/7.32.2"

info: ::1 - - [24/Apr/2023:12:07:16 +0000] "POST /api/v1/users/forgetPassword HTTP/1.1" 500 51 "-" "PostmanRuntime/7.32.2"

info: ::1 - - [24/Apr/2023:12:07:52 +0000] "POST /api/v1/users/forgetPassword HTTP/1.1" 500 51 "-" "PostmanRuntime/7.32.2"

info: ::1 - - [24/Apr/2023:12:11:29 +0000] "POST /api/v1/users/forgetPassword HTTP/1.1" 201 48 "-" "PostmanRuntime/7.32.2"

info: ::1 - - [24/Apr/2023:12:12:42 +0000] "POST /api/v1/users/reset HTTP/1.1" 500 69 "-" "PostmanRuntime/7.32.2"

info: ::1 - - [24/Apr/2023:12:13:21 +0000] "POST /api/v1/users/reset HTTP/1.1" 201 48 "-" "PostmanRuntime/7.32.2"

info: ::1 - - [24/Apr/2023:12:16:56 +0000] "POST /api/v1/users/validateEmail HTTP/1.1" 201 48 "-" "PostmanRuntime/7.32.2"

info: ::1 - - [24/Apr/2023:12:19:25 +0000] "POST /api/v1/users/ HTTP/1.1" 201 63 "-" "PostmanRuntime/7.32.2"

info: ::1 - - [24/Apr/2023:12:20:22 +0000] "POST /api/v1/users/login HTTP/1.1" 200 211 "-" "PostmanRuntime/7.32.2"

info: ::1 - - [24/Apr/2023:12:24:11 +0000] "POST /api/v1/users/forgetPassword HTTP/1.1" 500 51 "-" "PostmanRuntime/7.32.2"

info: ::1 - - [24/Apr/2023:12:25:26 +0000] "POST /api/v1/users/forgetPassword HTTP/1.1" 500 51 "-" "PostmanRuntime/7.32.2"

info: ::1 - - [24/Apr/2023:12:26:15 +0000] "POST /api/v1/users/forgetPassword HTTP/1.1" 201 48 "-" "PostmanRuntime/7.32.2"

info: ::1 - - [24/Apr/2023:12:27:07 +0000] "POST /api/v1/users/reset HTTP/1.1" 201 48 "-" "PostmanRuntime/7.32.2"

info: ::1 - - [24/Apr/2023:12:43:12 +0000] "POST /api/v1/users/forgetPassword HTTP/1.1" 201 48 "-" "PostmanRuntime/7.32.2"

info: ::1 - - [24/Apr/2023:12:45:05 +0000] "POST /api/v1/users/forgetPassword HTTP/1.1" 201 48 "-" "PostmanRuntime/7.32.2"

info: ::1 - - [24/Apr/2023:12:47:43 +0000] "POST /api/v1/users/forgetPassword HTTP/1.1" 500 78 "-" "PostmanRuntime/7.32.2"

info: ::1 - - [24/Apr/2023:12:48:08 +0000] "POST /api/v1/users/forgetPassword HTTP/1.1" 201 48 "-" "PostmanRuntime/7.32.2"

info: ::1 - - [24/Apr/2023:12:50:28 +0000] "POST /api/v1/users/forgetPassword HTTP/1.1" 201 48 "-" "PostmanRuntime/7.32.2"

info: ::1 - - [24/Apr/2023:12:50:56 +0000] "POST /api/v1/users/forgetPassword HTTP/1.1" 201 48 "-" "PostmanRuntime/7.32.2"

info: ::1 - - [24/Apr/2023:12:51:16 +0000] "POST /api/v1/users/forgetPassword HTTP/1.1" 201 48 "-" "PostmanRuntime/7.32.2"

